<?xml version="1.0" encoding="utf-8"?><testsuites name="pytest tests"><testsuite name="pytest" errors="0" failures="0" skipped="0" tests="8" time="14.304" timestamp="2026-08-14T11:57:17.072274+00:00" hostname="agent-env-30c96707-9eb2-4ba5-be7e-a5a950398546"><testcase classname="backend.tests.test_application_create_duplicate.TestApplicationCreateDuplicate" name="test_01_login_smoke" time="3.039" /><testcase classname="backend.tests.test_application_create_duplicate.TestApplicationCreateDuplicate" name="test_02_create_with_planning_slot_id_ok" time="4.014" /><testcase classname="backend.tests.test_application_create_duplicate.TestApplicationCreateDuplicate" name="test_03_duplicate_returns_409_structured" time="0.751" /><testcase classname="backend.tests.test_application_create_duplicate.TestApplicationCreateDuplicate" name="test_04_create_with_concert_id_mobile_build175_ok" time="2.924" /><testcase classname="backend.tests.test_application_create_duplicate.TestApplicationCreateDuplicate" name="test_05_duplicate_via_concert_id_returns_409" time="0.768" /><testcase classname="backend.tests.test_application_create_duplicate.TestApplicationCreateDuplicate" name="test_06_missing_slot_and_concert_returns_422" time="0.369" /><testcase classname="backend.tests.test_application_create_duplicate.TestApplicationCreateDuplicate" name="test_07_rbac_venue_cannot_post_application" time="2.032" /><testcase classname="backend.tests.test_application_create_duplicate.TestApplicationCreateDuplicate" name="test_08_cleanup" time="0.211" /></testsuite></testsuites>