<?xml version="1.0" encoding="utf-8"?><testsuites name="pytest tests"><testsuite name="pytest" errors="0" failures="0" skipped="0" tests="16" time="7.692" timestamp="2026-02-13T17:56:39.743162+00:00" hostname="agent-env-0e7b5b81-6f41-4237-ab00-a5ce315ba237"><testcase classname="backend.tests.test_badges_push_notifications.TestBadgesSystem" name="test_badge_initialization" time="0.605" /><testcase classname="backend.tests.test_badges_push_notifications.TestBadgesSystem" name="test_get_all_badges" time="0.138" /><testcase classname="backend.tests.test_badges_push_notifications.TestBadgesSystem" name="test_get_my_badges" time="0.128" /><testcase classname="backend.tests.test_badges_push_notifications.TestBadgesSystem" name="test_get_user_stats" time="0.223" /><testcase classname="backend.tests.test_badges_push_notifications.TestBadgesSystem" name="test_check_and_award_badges" time="0.162" /><testcase classname="backend.tests.test_badges_push_notifications.TestBadgesSystem" name="test_badges_for_musician" time="0.641" /><testcase classname="backend.tests.test_badges_push_notifications.TestBadgesSystem" name="test_badges_unauthorized" time="0.825" /><testcase classname="backend.tests.test_badges_push_notifications.TestPushNotifications" name="test_push_status_no_subscription" time="0.502" /><testcase classname="backend.tests.test_badges_push_notifications.TestPushNotifications" name="test_push_subscribe" time="0.121" /><testcase classname="backend.tests.test_badges_push_notifications.TestPushNotifications" name="test_push_status_with_subscription" time="0.286" /><testcase classname="backend.tests.test_badges_push_notifications.TestPushNotifications" name="test_push_unsubscribe" time="0.432" /><testcase classname="backend.tests.test_badges_push_notifications.TestPushNotifications" name="test_push_unsubscribe_not_found" time="0.176" /><testcase classname="backend.tests.test_badges_push_notifications.TestPushNotifications" name="test_push_unauthorized" time="0.396" /><testcase classname="backend.tests.test_badges_push_notifications.TestMessagesWithPushIntegration" name="test_send_message_creates_notification" time="1.412" /><testcase classname="backend.tests.test_badges_push_notifications.TestFriendRequestWithPushIntegration" name="test_friend_request_creates_notification" time="1.452" /><testcase classname="backend.tests.test_badges_push_notifications" name="test_api_health" time="0.127" /></testsuite></testsuites>