<?xml version="1.0" encoding="utf-8"?><testsuites name="pytest tests"><testsuite name="pytest" errors="0" failures="0" skipped="0" tests="14" time="33.776" timestamp="2026-08-13T08:56:44.076206+00:00" hostname="agent-env-30c96707-9eb2-4ba5-be7e-a5a950398546"><testcase classname="tests.test_cancellation_flow.TestCancellationFlow" name="test_01_login_smoke" time="3.139" /><testcase classname="tests.test_cancellation_flow.TestCancellationFlow" name="test_02_cancel_pending_deletes_immediately" time="5.366" /><testcase classname="tests.test_cancellation_flow.TestCancellationFlow" name="test_03_cancel_accepted_marks_requested" time="6.629" /><testcase classname="tests.test_cancellation_flow.TestCancellationFlow" name="test_04_cancel_already_requested_returns_400" time="0.511" /><testcase classname="tests.test_cancellation_flow.TestCancellationFlow" name="test_05_cancel_other_musician_forbidden" time="2.380" /><testcase classname="tests.test_cancellation_flow.TestCancellationFlow" name="test_06_venue_cannot_cancel" time="0.202" /><testcase classname="tests.test_cancellation_flow.TestCancellationFlow" name="test_07_venue_lists_pending_cancellations" time="0.756" /><testcase classname="tests.test_cancellation_flow.TestCancellationFlow" name="test_08_musician_cannot_list_cancellations" time="0.244" /><testcase classname="tests.test_cancellation_flow.TestCancellationFlow" name="test_09_musician_cannot_validate" time="0.199" /><testcase classname="tests.test_cancellation_flow.TestCancellationFlow" name="test_10_venue_approve_cancellation" time="1.649" /><testcase classname="tests.test_cancellation_flow.TestCancellationFlow" name="test_11_venue_refuse_cancellation" time="6.418" /><testcase classname="tests.test_cancellation_flow.TestCancellationFlow" name="test_12_validate_no_pending_request_400" time="4.930" /><testcase classname="tests.test_cancellation_flow.TestCancellationFlow" name="test_13_venue_b_cannot_validate_venue_a_app" time="0.740" /><testcase classname="tests.test_cancellation_flow.TestCancellationFlow" name="test_14_cancellation_requested_notification_exists" time="0.418" /></testsuite></testsuites>