<?xml version="1.0" encoding="utf-8"?><testsuites name="pytest tests"><testsuite name="pytest" errors="0" failures="0" skipped="0" tests="6" time="17.651" timestamp="2026-08-14T12:33:05.134409+00:00" hostname="agent-env-30c96707-9eb2-4ba5-be7e-a5a950398546"><testcase classname="backend.tests.test_planning_slot_no_leak.TestPlanningSlotNoLeak" name="test_01_post_planning_no_id_leak" time="4.643" /><testcase classname="backend.tests.test_planning_slot_no_leak.TestPlanningSlotNoLeak" name="test_02_get_venue_planning_no_id_leak" time="3.405" /><testcase classname="backend.tests.test_planning_slot_no_leak.TestPlanningSlotNoLeak" name="test_03_put_planning_no_id_leak" time="0.982" /><testcase classname="backend.tests.test_planning_slot_no_leak.TestPlanningSlotNoLeak" name="test_04_post_planning_ignores_unknown_field" time="1.777" /><testcase classname="backend.tests.test_planning_slot_no_leak.TestPlanningSlotNoLeak" name="test_05_post_application_ignores_unknown_field" time="4.744" /><testcase classname="backend.tests.test_planning_slot_no_leak.TestPlanningSlotNoLeak" name="test_06_planning_still_accepts_known_fields" time="1.890" /></testsuite></testsuites>