<?xml version="1.0" encoding="utf-8"?><testsuites name="pytest tests"><testsuite name="pytest" errors="0" failures="0" skipped="0" tests="23" time="50.010" timestamp="2026-08-14T12:14:36.163914+00:00" hostname="agent-env-30c96707-9eb2-4ba5-be7e-a5a950398546"><testcase classname="backend.tests.test_cancellation_flow.TestCancellationFlow" name="test_01_login_smoke" time="3.193" /><testcase classname="backend.tests.test_cancellation_flow.TestCancellationFlow" name="test_02_cancel_pending_deletes_immediately" time="5.459" /><testcase classname="backend.tests.test_cancellation_flow.TestCancellationFlow" name="test_03_cancel_accepted_marks_requested" time="5.838" /><testcase classname="backend.tests.test_cancellation_flow.TestCancellationFlow" name="test_03b_get_applications_my_exposes_cancellation_fields" time="3.939" /><testcase classname="backend.tests.test_cancellation_flow.TestCancellationFlow" name="test_04_cancel_already_requested_returns_400" time="0.450" /><testcase classname="backend.tests.test_cancellation_flow.TestCancellationFlow" name="test_05_cancel_other_musician_forbidden" time="2.308" /><testcase classname="backend.tests.test_cancellation_flow.TestCancellationFlow" name="test_06_venue_cannot_cancel" time="0.224" /><testcase classname="backend.tests.test_cancellation_flow.TestCancellationFlow" name="test_07_venue_lists_pending_cancellations" time="1.201" /><testcase classname="backend.tests.test_cancellation_flow.TestCancellationFlow" name="test_08_musician_cannot_list_cancellations" time="0.226" /><testcase classname="backend.tests.test_cancellation_flow.TestCancellationFlow" name="test_09_musician_cannot_validate" time="0.228" /><testcase classname="backend.tests.test_cancellation_flow.TestCancellationFlow" name="test_10_venue_approve_cancellation" time="1.811" /><testcase classname="backend.tests.test_cancellation_flow.TestCancellationFlow" name="test_11_venue_refuse_cancellation" time="6.606" /><testcase classname="backend.tests.test_cancellation_flow.TestCancellationFlow" name="test_12_validate_no_pending_request_400" time="5.011" /><testcase classname="backend.tests.test_cancellation_flow.TestCancellationFlow" name="test_13_venue_b_cannot_validate_venue_a_app" time="0.752" /><testcase classname="backend.tests.test_cancellation_flow.TestCancellationFlow" name="test_14_cancellation_requested_notification_exists" time="0.103" /><testcase classname="backend.tests.test_application_create_duplicate.TestApplicationCreateDuplicate" name="test_01_login_smoke" time="1.141" /><testcase classname="backend.tests.test_application_create_duplicate.TestApplicationCreateDuplicate" name="test_02_create_with_planning_slot_id_ok" time="4.158" /><testcase classname="backend.tests.test_application_create_duplicate.TestApplicationCreateDuplicate" name="test_03_duplicate_returns_409_structured" time="0.742" /><testcase classname="backend.tests.test_application_create_duplicate.TestApplicationCreateDuplicate" name="test_04_create_with_concert_id_mobile_build175_ok" time="2.834" /><testcase classname="backend.tests.test_application_create_duplicate.TestApplicationCreateDuplicate" name="test_05_duplicate_via_concert_id_returns_409" time="0.731" /><testcase classname="backend.tests.test_application_create_duplicate.TestApplicationCreateDuplicate" name="test_06_missing_slot_and_concert_returns_422" time="0.381" /><testcase classname="backend.tests.test_application_create_duplicate.TestApplicationCreateDuplicate" name="test_07_rbac_venue_cannot_post_application" time="1.933" /><testcase classname="backend.tests.test_application_create_duplicate.TestApplicationCreateDuplicate" name="test_08_cleanup" time="0.531" /></testsuite></testsuites>