<?xml version="1.0" encoding="utf-8"?><testsuites name="pytest tests"><testsuite name="pytest" errors="0" failures="0" skipped="0" tests="29" time="64.401" timestamp="2026-08-14T12:33:28.082019+00:00" hostname="agent-env-30c96707-9eb2-4ba5-be7e-a5a950398546"><testcase classname="backend.tests.test_cancellation_flow.TestCancellationFlow" name="test_01_login_smoke" time="1.131" /><testcase classname="backend.tests.test_cancellation_flow.TestCancellationFlow" name="test_02_cancel_pending_deletes_immediately" time="5.328" /><testcase classname="backend.tests.test_cancellation_flow.TestCancellationFlow" name="test_03_cancel_accepted_marks_requested" time="5.971" /><testcase classname="backend.tests.test_cancellation_flow.TestCancellationFlow" name="test_03b_get_applications_my_exposes_cancellation_fields" time="3.940" /><testcase classname="backend.tests.test_cancellation_flow.TestCancellationFlow" name="test_04_cancel_already_requested_returns_400" time="0.471" /><testcase classname="backend.tests.test_cancellation_flow.TestCancellationFlow" name="test_05_cancel_other_musician_forbidden" time="2.439" /><testcase classname="backend.tests.test_cancellation_flow.TestCancellationFlow" name="test_06_venue_cannot_cancel" time="0.230" /><testcase classname="backend.tests.test_cancellation_flow.TestCancellationFlow" name="test_07_venue_lists_pending_cancellations" time="1.159" /><testcase classname="backend.tests.test_cancellation_flow.TestCancellationFlow" name="test_08_musician_cannot_list_cancellations" time="0.221" /><testcase classname="backend.tests.test_cancellation_flow.TestCancellationFlow" name="test_09_musician_cannot_validate" time="0.263" /><testcase classname="backend.tests.test_cancellation_flow.TestCancellationFlow" name="test_10_venue_approve_cancellation" time="1.819" /><testcase classname="backend.tests.test_cancellation_flow.TestCancellationFlow" name="test_11_venue_refuse_cancellation" time="6.477" /><testcase classname="backend.tests.test_cancellation_flow.TestCancellationFlow" name="test_12_validate_no_pending_request_400" time="5.043" /><testcase classname="backend.tests.test_cancellation_flow.TestCancellationFlow" name="test_13_venue_b_cannot_validate_venue_a_app" time="0.765" /><testcase classname="backend.tests.test_cancellation_flow.TestCancellationFlow" name="test_14_cancellation_requested_notification_exists" time="0.103" /><testcase classname="backend.tests.test_application_create_duplicate.TestApplicationCreateDuplicate" name="test_01_login_smoke" time="1.180" /><testcase classname="backend.tests.test_application_create_duplicate.TestApplicationCreateDuplicate" name="test_02_create_with_planning_slot_id_ok" time="4.183" /><testcase classname="backend.tests.test_application_create_duplicate.TestApplicationCreateDuplicate" name="test_03_duplicate_returns_409_structured" time="0.748" /><testcase classname="backend.tests.test_application_create_duplicate.TestApplicationCreateDuplicate" name="test_04_create_with_concert_id_mobile_build175_ok" time="2.866" /><testcase classname="backend.tests.test_application_create_duplicate.TestApplicationCreateDuplicate" name="test_05_duplicate_via_concert_id_returns_409" time="0.748" /><testcase classname="backend.tests.test_application_create_duplicate.TestApplicationCreateDuplicate" name="test_06_missing_slot_and_concert_returns_422" time="0.368" /><testcase classname="backend.tests.test_application_create_duplicate.TestApplicationCreateDuplicate" name="test_07_rbac_venue_cannot_post_application" time="1.911" /><testcase classname="backend.tests.test_application_create_duplicate.TestApplicationCreateDuplicate" name="test_08_cleanup" time="0.209" /><testcase classname="backend.tests.test_planning_slot_no_leak.TestPlanningSlotNoLeak" name="test_01_post_planning_no_id_leak" time="2.830" /><testcase classname="backend.tests.test_planning_slot_no_leak.TestPlanningSlotNoLeak" name="test_02_get_venue_planning_no_id_leak" time="4.647" /><testcase classname="backend.tests.test_planning_slot_no_leak.TestPlanningSlotNoLeak" name="test_03_put_planning_no_id_leak" time="0.985" /><testcase classname="backend.tests.test_planning_slot_no_leak.TestPlanningSlotNoLeak" name="test_04_post_planning_ignores_unknown_field" time="2.273" /><testcase classname="backend.tests.test_planning_slot_no_leak.TestPlanningSlotNoLeak" name="test_05_post_application_ignores_unknown_field" time="3.630" /><testcase classname="backend.tests.test_planning_slot_no_leak.TestPlanningSlotNoLeak" name="test_06_planning_still_accepts_known_fields" time="2.240" /></testsuite></testsuites>