<?xml version="1.0" encoding="utf-8"?><testsuites name="pytest tests"><testsuite name="pytest" errors="0" failures="2" skipped="0" tests="16" time="4.278" timestamp="2026-02-17T19:40:46.738827+00:00" hostname="agent-env-ed39ec06-069c-4576-9200-7ff9f4620d6e"><testcase classname="tests.test_n_plus_1_optimizations.TestMySubscriptions" name="test_my_subscriptions_returns_200" time="0.688" /><testcase classname="tests.test_n_plus_1_optimizations.TestMySubscriptions" name="test_my_subscriptions_venue_data_enriched" time="0.187" /><testcase classname="tests.test_n_plus_1_optimizations.TestMySubscriptions" name="test_my_subscriptions_no_mongodb_id" time="0.146" /><testcase classname="tests.test_n_plus_1_optimizations.TestFriendsRequests" name="test_friends_requests_returns_200" time="0.233" /><testcase classname="tests.test_n_plus_1_optimizations.TestFriendsRequests" name="test_friends_requests_enriched_data" time="0.129" /><testcase classname="tests.test_n_plus_1_optimizations.TestFriendsList" name="test_friends_list_returns_200" time="0.155" /><testcase classname="tests.test_n_plus_1_optimizations.TestFriendsList" name="test_friends_list_enriched_data" time="0.139" /><testcase classname="tests.test_n_plus_1_optimizations.TestFriendsSent" name="test_friends_sent_returns_200" time="0.227" /><testcase classname="tests.test_n_plus_1_optimizations.TestFriendsSent" name="test_friends_sent_enriched_data" time="0.154" /><testcase classname="tests.test_n_plus_1_optimizations.TestVenueJams" name="test_venue_jams_returns_200" time="0.909" /><testcase classname="tests.test_n_plus_1_optimizations.TestVenueJams" name="test_venue_jams_has_participants_count" time="0.151" /><testcase classname="tests.test_n_plus_1_optimizations.TestVenueConcerts" name="test_venue_concerts_returns_200" time="0.136" /><testcase classname="tests.test_n_plus_1_optimizations.TestVenueConcerts" name="test_venue_concerts_has_participants_count" time="0.143" /><testcase classname="tests.test_n_plus_1_optimizations.TestConcertsList" name="test_concerts_list_returns_200" time="0.165"><failure message="AssertionError: Expected 200, got 520&#10;assert 520 == 200&#10; +  where 520 = &lt;Response [520]&gt;.status_code">tests/test_n_plus_1_optimizations.py:256: in test_concerts_list_returns_200
    assert response.status_code == 200, f"Expected 200, got {response.status_code}"
E   AssertionError: Expected 200, got 520
E   assert 520 == 200
E    +  where 520 = &lt;Response [520]&gt;.status_code</failure></testcase><testcase classname="tests.test_n_plus_1_optimizations.TestConcertsList" name="test_concerts_list_has_participants_count" time="0.166"><failure message="assert 520 == 200&#10; +  where 520 = &lt;Response [520]&gt;.status_code">tests/test_n_plus_1_optimizations.py:264: in test_concerts_list_has_participants_count
    assert response.status_code == 200
E   assert 520 == 200
E    +  where 520 = &lt;Response [520]&gt;.status_code</failure></testcase><testcase classname="tests.test_n_plus_1_optimizations.TestFriendshipFlow" name="test_friendship_endpoints_authenticated" time="0.440" /></testsuite></testsuites>