<?xml version="1.0" encoding="utf-8"?><testsuites name="pytest tests"><testsuite name="pytest" errors="0" failures="0" skipped="0" tests="16" time="3.641" timestamp="2026-02-17T19:41:26.009591+00:00" hostname="agent-env-ed39ec06-069c-4576-9200-7ff9f4620d6e"><testcase classname="tests.test_n_plus_1_optimizations.TestMySubscriptions" name="test_my_subscriptions_returns_200" time="0.544" /><testcase classname="tests.test_n_plus_1_optimizations.TestMySubscriptions" name="test_my_subscriptions_venue_data_enriched" time="0.142" /><testcase classname="tests.test_n_plus_1_optimizations.TestMySubscriptions" name="test_my_subscriptions_no_mongodb_id" time="0.268" /><testcase classname="tests.test_n_plus_1_optimizations.TestFriendsRequests" name="test_friends_requests_returns_200" time="0.135" /><testcase classname="tests.test_n_plus_1_optimizations.TestFriendsRequests" name="test_friends_requests_enriched_data" time="0.171" /><testcase classname="tests.test_n_plus_1_optimizations.TestFriendsList" name="test_friends_list_returns_200" time="0.123" /><testcase classname="tests.test_n_plus_1_optimizations.TestFriendsList" name="test_friends_list_enriched_data" time="0.128" /><testcase classname="tests.test_n_plus_1_optimizations.TestFriendsSent" name="test_friends_sent_returns_200" time="0.140" /><testcase classname="tests.test_n_plus_1_optimizations.TestFriendsSent" name="test_friends_sent_enriched_data" time="0.146" /><testcase classname="tests.test_n_plus_1_optimizations.TestVenueJams" name="test_venue_jams_returns_200" time="0.626" /><testcase classname="tests.test_n_plus_1_optimizations.TestVenueJams" name="test_venue_jams_has_participants_count" time="0.148" /><testcase classname="tests.test_n_plus_1_optimizations.TestVenueConcerts" name="test_venue_concerts_returns_200" time="0.128" /><testcase classname="tests.test_n_plus_1_optimizations.TestVenueConcerts" name="test_venue_concerts_has_participants_count" time="0.151" /><testcase classname="tests.test_n_plus_1_optimizations.TestConcertsList" name="test_concerts_list_returns_200" time="0.148" /><testcase classname="tests.test_n_plus_1_optimizations.TestConcertsList" name="test_concerts_list_has_participants_count" time="0.146" /><testcase classname="tests.test_n_plus_1_optimizations.TestFriendshipFlow" name="test_friendship_endpoints_authenticated" time="0.436" /></testsuite></testsuites>