<?xml version="1.0" encoding="utf-8"?><testsuites name="pytest tests"><testsuite name="pytest" errors="0" failures="0" skipped="0" tests="15" time="40.410" timestamp="2026-08-13T21:08:26.931933+00:00" hostname="agent-env-30c96707-9eb2-4ba5-be7e-a5a950398546"><testcase classname="backend.tests.test_cancellation_flow.TestCancellationFlow" name="test_01_login_smoke" time="3.298" /><testcase classname="backend.tests.test_cancellation_flow.TestCancellationFlow" name="test_02_cancel_pending_deletes_immediately" time="5.435" /><testcase classname="backend.tests.test_cancellation_flow.TestCancellationFlow" name="test_03_cancel_accepted_marks_requested" time="6.423" /><testcase classname="backend.tests.test_cancellation_flow.TestCancellationFlow" name="test_03b_get_applications_my_exposes_cancellation_fields" time="4.120" /><testcase classname="backend.tests.test_cancellation_flow.TestCancellationFlow" name="test_04_cancel_already_requested_returns_400" time="0.457" /><testcase classname="backend.tests.test_cancellation_flow.TestCancellationFlow" name="test_05_cancel_other_musician_forbidden" time="2.488" /><testcase classname="backend.tests.test_cancellation_flow.TestCancellationFlow" name="test_06_venue_cannot_cancel" time="0.280" /><testcase classname="backend.tests.test_cancellation_flow.TestCancellationFlow" name="test_07_venue_lists_pending_cancellations" time="1.272" /><testcase classname="backend.tests.test_cancellation_flow.TestCancellationFlow" name="test_08_musician_cannot_list_cancellations" time="0.281" /><testcase classname="backend.tests.test_cancellation_flow.TestCancellationFlow" name="test_09_musician_cannot_validate" time="0.228" /><testcase classname="backend.tests.test_cancellation_flow.TestCancellationFlow" name="test_10_venue_approve_cancellation" time="1.961" /><testcase classname="backend.tests.test_cancellation_flow.TestCancellationFlow" name="test_11_venue_refuse_cancellation" time="6.953" /><testcase classname="backend.tests.test_cancellation_flow.TestCancellationFlow" name="test_12_validate_no_pending_request_400" time="5.801" /><testcase classname="backend.tests.test_cancellation_flow.TestCancellationFlow" name="test_13_venue_b_cannot_validate_venue_a_app" time="0.767" /><testcase classname="backend.tests.test_cancellation_flow.TestCancellationFlow" name="test_14_cancellation_requested_notification_exists" time="0.420" /></testsuite></testsuites>