<?xml version="1.0" encoding="utf-8"?><testsuites name="pytest tests"><testsuite name="pytest" errors="0" failures="0" skipped="0" tests="29" time="12.762" timestamp="2026-02-13T23:24:08.482981+00:00" hostname="agent-env-743e5bda-6a54-459d-8e08-5dc441ae7388"><testcase classname="tests.test_refactored_badges.TestAuthentication" name="test_root_endpoint" time="0.183" /><testcase classname="tests.test_refactored_badges.TestAuthentication" name="test_venue_login" time="0.368" /><testcase classname="tests.test_refactored_badges.TestAuthentication" name="test_login_invalid_credentials" time="0.145" /><testcase classname="tests.test_refactored_badges.TestAuthentication" name="test_auth_me_without_token" time="0.129" /><testcase classname="tests.test_refactored_badges.TestAuthentication" name="test_auth_me_with_token" time="0.472" /><testcase classname="tests.test_refactored_badges.TestBadgesSystem" name="test_badges_all_without_auth" time="0.125" /><testcase classname="tests.test_refactored_badges.TestBadgesSystem" name="test_badges_all_with_auth" time="0.474" /><testcase classname="tests.test_refactored_badges.TestBadgesSystem" name="test_badges_my_badges" time="0.791" /><testcase classname="tests.test_refactored_badges.TestBadgesSystem" name="test_badges_user_public_endpoint" time="0.628" /><testcase classname="tests.test_refactored_badges.TestBadgesSystem" name="test_badges_stats" time="0.471" /><testcase classname="tests.test_refactored_badges.TestBadgesSystem" name="test_badges_check" time="0.474" /><testcase classname="tests.test_refactored_badges.TestVenueProfilesAndEvents" name="test_venues_me" time="0.485" /><testcase classname="tests.test_refactored_badges.TestVenueProfilesAndEvents" name="test_venues_list" time="0.150" /><testcase classname="tests.test_refactored_badges.TestVenueProfilesAndEvents" name="test_venues_jams_list" time="0.586" /><testcase classname="tests.test_refactored_badges.TestVenueProfilesAndEvents" name="test_venues_concerts_list" time="0.584" /><testcase classname="tests.test_refactored_badges.TestMusicianSystem" name="test_musicians_list" time="0.148" /><testcase classname="tests.test_refactored_badges.TestMusicianSystem" name="test_musicians_me" time="0.470" /><testcase classname="tests.test_refactored_badges.TestFriendSystem" name="test_friends_list" time="0.521" /><testcase classname="tests.test_refactored_badges.TestFriendSystem" name="test_friend_requests" time="0.477" /><testcase classname="tests.test_refactored_badges.TestFriendSystem" name="test_sent_friend_requests" time="0.483" /><testcase classname="tests.test_refactored_badges.TestMelomaneSystem" name="test_melomanes_list" time="0.129" /><testcase classname="tests.test_refactored_badges.TestMelomaneSystem" name="test_melomanes_me" time="0.503" /><testcase classname="tests.test_refactored_badges.TestNotificationsSystem" name="test_notifications_list" time="0.506" /><testcase classname="tests.test_refactored_badges.TestNotificationsSystem" name="test_notifications_unread_count" time="0.528" /><testcase classname="tests.test_refactored_badges.TestVenueSubscription" name="test_subscribe_to_venue" time="0.700" /><testcase classname="tests.test_refactored_badges.TestVenueSubscription" name="test_subscription_status" time="0.672" /><testcase classname="tests.test_refactored_badges.TestEventParticipation" name="test_get_musician_participations" time="0.468" /><testcase classname="tests.test_refactored_badges.TestMessagingSystem" name="test_messages_inbox" time="0.454" /><testcase classname="tests.test_refactored_badges.TestMessagingSystem" name="test_messages_sent" time="0.540" /></testsuite></testsuites>