<?xml version="1.0" encoding="utf-8"?><testsuites name="pytest tests"><testsuite name="pytest" errors="0" failures="0" skipped="0" tests="4" time="2.665" timestamp="2026-03-27T15:11:14.761014+00:00" hostname="agent-env-d31985a6-9a5a-4266-9423-6bab36b81dd6"><testcase classname="backend.tests.test_verify_email_and_registration.TestVerifyEmailEndpoints" name="test_verify_email_invalid_token_returns_404" time="0.248" /><testcase classname="backend.tests.test_verify_email_and_registration.TestVerifyEmailEndpoints" name="test_resend_verification_endpoint_accessible" time="0.225" /><testcase classname="backend.tests.test_verify_email_and_registration.TestRegistrationNoPROStatus" name="test_register_musician_no_pro_status" time="1.602" /><testcase classname="backend.tests.test_verify_email_and_registration.TestLoginWithTestCredentials" name="test_login_test_user" time="0.536" /></testsuite></testsuites>